# JRE version: OpenJDK Runtime Environment GraalVM CE 22.3.0 (17.0.5+8) (build 17.0.5+8-jvmci-22.3-b08)
# Java VM: OpenJDK 64-Bit Server VM GraalVM CE 22.3.0 (17.0.5+8-jvmci-22.3-b08, mixed mode, sharing, tiered, jvmci, jvmci compiler, compressed oops, compressed class ptrs, parallel gc, linux-amd64)
GC Precious Log:
 CPUs: 8 total, 1 available
 Memory: 1024M
 Large Page Support: Disabled
 NUMA Support: Disabled
 Compressed Oops: Enabled (32-bit)
 Alignments: Space 512K, Generation 512K, Heap 2M
 Heap Min Capacity: 100M
 Heap Initial Capacity: 100M
 Heap Max Capacity: 512M
 Pre-touch: Disabled
 Parallel Workers: 1
Heap:
 PSYoungGen      total 47104K, used 34303K [0x00000000f5580000, 0x00000000f9180000, 0x0000000100000000)
  eden space 34304K, 99% used [0x00000000f5580000,0x00000000f76ffff0,0x00000000f7700000)
  from space 12800K, 0% used [0x00000000f7700000,0x00000000f7700000,0x00000000f8380000)
  to   space 10752K, 0% used [0x00000000f8380000,0x00000000f8380000,0x00000000f8e00000)
 ParOldGen       total 349696K, used 349695K [0x00000000e0000000, 0x00000000f5580000, 0x00000000f5580000)
  object space 349696K, 99% used [0x00000000e0000000,0x00000000f557fc88,0x00000000f5580000)
 Metaspace       used 64516K, committed 65600K, reserved 1114112K
  class space    used 6403K, committed 6848K, reserved 1048576K
GC Heap History (20 events):
Event: 907.308 GC heap before
{Heap before GC invocations=681 (full 518):
 PSYoungGen      total 47104K, used 34303K [0x00000000f5580000, 0x00000000f9180000, 0x0000000100000000)
  eden space 34304K, 99% used [0x00000000f5580000,0x00000000f76ffff8,0x00000000f7700000)
  from space 12800K, 0% used [0x00000000f7700000,0x00000000f7700000,0x00000000f8380000)
  to   space 10752K, 0% used [0x00000000f8380000,0x00000000f8380000,0x00000000f8e00000)
 ParOldGen       total 349696K, used 349691K [0x00000000e0000000, 0x00000000f5580000, 0x00000000f5580000)
  object space 349696K, 99% used [0x00000000e0000000,0x00000000f557ecf8,0x00000000f5580000)
 Metaspace       used 64515K, committed 65600K, reserved 1114112K
  class space    used 6403K, committed 6848K, reserved 1048576K
}
Event: 908.755 GC heap after
{Heap after GC invocations=681 (full 518):
 PSYoungGen      total 45056K, used 34303K [0x00000000f5580000, 0x00000000f9180000, 0x0000000100000000)
  eden space 34304K, 99% used [0x00000000f5580000,0x00000000f76fffc8,0x00000000f7700000)
  from space 10752K, 0% used [0x00000000f8380000,0x00000000f8380000,0x00000000f8e00000)
  to   space 12800K, 0% used [0x00000000f7700000,0x00000000f7700000,0x00000000f8380000)
 ParOldGen       total 349696K, used 349691K [0x00000000e0000000, 0x00000000f5580000, 0x00000000f5580000)
  object space 349696K, 99% used [0x00000000e0000000,0x00000000f557ecf8,0x00000000f5580000)
 Metaspace       used 64515K, committed 65600K, reserved 1114112K
  class space    used 6403K, committed 6848K, reserved 1048576K
}
Event: 908.755 GC heap before
{Heap before GC invocations=682 (full 519):
 PSYoungGen      total 45056K, used 34304K [0x00000000f5580000, 0x00000000f9180000, 0x0000000100000000)
  eden space 34304K, 100% used [0x00000000f5580000,0x00000000f7700000,0x00000000f7700000)
  from space 10752K, 0% used [0x00000000f8380000,0x00000000f8380000,0x00000000f8e00000)
  to   space 12800K, 0% used [0x00000000f7700000,0x00000000f7700000,0x00000000f8380000)
 ParOldGen       total 349696K, used 349691K [0x00000000e0000000, 0x00000000f5580000, 0x00000000f5580000)
  object space 349696K, 99% used [0x00000000e0000000,0x00000000f557ecf8,0x00000000f5580000)
 Metaspace       used 64515K, committed 65600K, reserved 1114112K
  class space    used 6403K, committed 6848K, reserved 1048576K
}
Event: 910.351 GC heap after
{Heap after GC invocations=682 (full 519):
 PSYoungGen      total 47104K, used 34303K [0x00000000f5580000, 0x00000000f9180000, 0x0000000100000000)
  eden space 34304K, 99% used [0x00000000f5580000,0x00000000f76fffe0,0x00000000f7700000)
  from space 12800K, 0% used [0x00000000f7700000,0x00000000f7700000,0x00000000f8380000)
  to   space 10752K, 0% used [0x00000000f8380000,0x00000000f8380000,0x00000000f8e00000)
 ParOldGen       total 349696K, used 349691K [0x00000000e0000000, 0x00000000f5580000, 0x00000000f5580000)
  object space 349696K, 99% used [0x00000000e0000000,0x00000000f557ecf8,0x00000000f5580000)
 Metaspace       used 64515K, committed 65600K, reserved 1114112K
  class space    used 6403K, committed 6848K, reserved 1048576K
}
Event: 910.353 GC heap before
{Heap before GC invocations=683 (full 520):
 PSYoungGen      total 47104K, used 34304K [0x00000000f5580000, 0x00000000f9180000, 0x0000000100000000)
  eden space 34304K, 100% used [0x00000000f5580000,0x00000000f7700000,0x00000000f7700000)
  from space 12800K, 0% used [0x00000000f7700000,0x00000000f7700000,0x00000000f8380000)
  to   space 10752K, 0% used [0x00000000f8380000,0x00000000f8380000,0x00000000f8e00000)
 ParOldGen       total 349696K, used 349695K [0x00000000e0000000, 0x00000000f5580000, 0x00000000f5580000)
  object space 349696K, 99% used [0x00000000e0000000,0x00000000f557fff8,0x00000000f5580000)
 Metaspace       used 64515K, committed 65600K, reserved 1114112K
  class space    used 6403K, committed 6848K, reserved 1048576K
}
Event: 912.169 GC heap after
{Heap after GC invocations=683 (full 520):
 PSYoungGen      total 45056K, used 34303K [0x00000000f5580000, 0x00000000f9180000, 0x0000000100000000)
  eden space 34304K, 99% used [0x00000000f5580000,0x00000000f76ffff0,0x00000000f7700000)
  from space 10752K, 0% used [0x00000000f8380000,0x00000000f8380000,0x00000000f8e00000)
  to   space 12800K, 0% used [0x00000000f7700000,0x00000000f7700000,0x00000000f8380000)
 ParOldGen       total 349696K, used 349695K [0x00000000e0000000, 0x00000000f5580000, 0x00000000f5580000)
  object space 349696K, 99% used [0x00000000e0000000,0x00000000f557fc08,0x00000000f5580000)
 Metaspace       used 64515K, committed 65600K, reserved 1114112K
  class space    used 6403K, committed 6848K, reserved 1048576K
}
Event: 912.169 GC heap before
{Heap before GC invocations=684 (full 521):
 PSYoungGen      total 45056K, used 34304K [0x00000000f5580000, 0x00000000f9180000, 0x0000000100000000)
  eden space 34304K, 100% used [0x00000000f5580000,0x00000000f7700000,0x00000000f7700000)
  from space 10752K, 0% used [0x00000000f8380000,0x00000000f8380000,0x00000000f8e00000)
  to   space 12800K, 0% used [0x00000000f7700000,0x00000000f7700000,0x00000000f8380000)
 ParOldGen       total 349696K, used 349695K [0x00000000e0000000, 0x00000000f5580000, 0x00000000f5580000)
  object space 349696K, 99% used [0x00000000e0000000,0x00000000f557fc08,0x00000000f5580000)
 Metaspace       used 64515K, committed 65600K, reserved 1114112K
  class space    used 6403K, committed 6848K, reserved 1048576K
}
Event: 913.787 GC heap after
{Heap after GC invocations=684 (full 521):
 PSYoungGen      total 47104K, used 34303K [0x00000000f5580000, 0x00000000f9180000, 0x0000000100000000)
  eden space 34304K, 99% used [0x00000000f5580000,0x00000000f76ffff0,0x00000000f7700000)
  from space 12800K, 0% used [0x00000000f7700000,0x00000000f7700000,0x00000000f8380000)
  to   space 10752K, 0% used [0x00000000f8380000,0x00000000f8380000,0x00000000f8e00000)
 ParOldGen       total 349696K, used 349695K [0x00000000e0000000, 0x00000000f5580000, 0x00000000f5580000)
  object space 349696K, 99% used [0x00000000e0000000,0x00000000f557fc08,0x00000000f5580000)
 Metaspace       used 64515K, committed 65600K, reserved 1114112K
  class space    used 6403K, committed 6848K, reserved 1048576K
}
Event: 913.787 GC heap before
{Heap before GC invocations=685 (full 522):
 PSYoungGen      total 47104K, used 34304K [0x00000000f5580000, 0x00000000f9180000, 0x0000000100000000)
  eden space 34304K, 100% used [0x00000000f5580000,0x00000000f7700000,0x00000000f7700000)
  from space 12800K, 0% used [0x00000000f7700000,0x00000000f7700000,0x00000000f8380000)
  to   space 10752K, 0% used [0x00000000f8380000,0x00000000f8380000,0x00000000f8e00000)
 ParOldGen       total 349696K, used 349695K [0x00000000e0000000, 0x00000000f5580000, 0x00000000f5580000)
  object space 349696K, 99% used [0x00000000e0000000,0x00000000f557fc08,0x00000000f5580000)
 Metaspace       used 64515K, committed 65600K, reserved 1114112K
  class space    used 6403K, committed 6848K, reserved 1048576K
}
Event: 915.635 GC heap after
{Heap after GC invocations=685 (full 522):
 PSYoungGen      total 45056K, used 34303K [0x00000000f5580000, 0x00000000f9180000, 0x0000000100000000)
  eden space 34304K, 99% used [0x00000000f5580000,0x00000000f76ffff0,0x00000000f7700000)
  from space 10752K, 0% used [0x00000000f8380000,0x00000000f8380000,0x00000000f8e00000)
  to   space 12800K, 0% used [0x00000000f7700000,0x00000000f7700000,0x00000000f8380000)
 ParOldGen       total 349696K, used 349695K [0x00000000e0000000, 0x00000000f5580000, 0x00000000f5580000)
  object space 349696K, 99% used [0x00000000e0000000,0x00000000f557fc08,0x00000000f5580000)
 Metaspace       used 64515K, committed 65600K, reserved 1114112K
  class space    used 6403K, committed 6848K, reserved 1048576K
}
Event: 915.641 GC heap before
{Heap before GC invocations=686 (full 523):
 PSYoungGen      total 45056K, used 34304K [0x00000000f5580000, 0x00000000f9180000, 0x0000000100000000)
  eden space 34304K, 100% used [0x00000000f5580000,0x00000000f7700000,0x00000000f7700000)
  from space 10752K, 0% used [0x00000000f8380000,0x00000000f8380000,0x00000000f8e00000)
  to   space 12800K, 0% used [0x00000000f7700000,0x00000000f7700000,0x00000000f8380000)
 ParOldGen       total 349696K, used 349695K [0x00000000e0000000, 0x00000000f5580000, 0x00000000f5580000)
  object space 349696K, 99% used [0x00000000e0000000,0x00000000f557fc08,0x00000000f5580000)
 Metaspace       used 64515K, committed 65600K, reserved 1114112K
  class space    used 6403K, committed 6848K, reserved 1048576K
}
Event: 917.115 GC heap after
{Heap after GC invocations=686 (full 523):
 PSYoungGen      total 47104K, used 34303K [0x00000000f5580000, 0x00000000f9180000, 0x0000000100000000)
  eden space 34304K, 99% used [0x00000000f5580000,0x00000000f76ffff0,0x00000000f7700000)
  from space 12800K, 0% used [0x00000000f7700000,0x00000000f7700000,0x00000000f8380000)
  to   space 10752K, 0% used [0x00000000f8380000,0x00000000f8380000,0x00000000f8e00000)
 ParOldGen       total 349696K, used 349695K [0x00000000e0000000, 0x00000000f5580000, 0x00000000f5580000)
  object space 349696K, 99% used [0x00000000e0000000,0x00000000f557fc08,0x00000000f5580000)
 Metaspace       used 64515K, committed 65600K, reserved 1114112K
  class space    used 6403K, committed 6848K, reserved 1048576K
}
Event: 917.116 GC heap before
{Heap before GC invocations=687 (full 524):
 PSYoungGen      total 47104K, used 34304K [0x00000000f5580000, 0x00000000f9180000, 0x0000000100000000)
  eden space 34304K, 100% used [0x00000000f5580000,0x00000000f7700000,0x00000000f7700000)
  from space 12800K, 0% used [0x00000000f7700000,0x00000000f7700000,0x00000000f8380000)
  to   space 10752K, 0% used [0x00000000f8380000,0x00000000f8380000,0x00000000f8e00000)
 ParOldGen       total 349696K, used 349695K [0x00000000e0000000, 0x00000000f5580000, 0x00000000f5580000)
  object space 349696K, 99% used [0x00000000e0000000,0x00000000f557fff0,0x00000000f5580000)
 Metaspace       used 64516K, committed 65600K, reserved 1114112K
  class space    used 6403K, committed 6848K, reserved 1048576K
}
Event: 918.721 GC heap after
{Heap after GC invocations=687 (full 524):
 PSYoungGen      total 45056K, used 34303K [0x00000000f5580000, 0x00000000f9180000, 0x0000000100000000)
  eden space 34304K, 99% used [0x00000000f5580000,0x00000000f76ffff0,0x00000000f7700000)
  from space 10752K, 0% used [0x00000000f8380000,0x00000000f8380000,0x00000000f8e00000)
  to   space 12800K, 0% used [0x00000000f7700000,0x00000000f7700000,0x00000000f8380000)
 ParOldGen       total 349696K, used 349695K [0x00000000e0000000, 0x00000000f5580000, 0x00000000f5580000)
  object space 349696K, 99% used [0x00000000e0000000,0x00000000f557fdd0,0x00000000f5580000)
 Metaspace       used 64516K, committed 65600K, reserved 1114112K
  class space    used 6403K, committed 6848K, reserved 1048576K
}
Event: 918.767 GC heap before
{Heap before GC invocations=688 (full 525):
 PSYoungGen      total 45056K, used 34303K [0x00000000f5580000, 0x00000000f9180000, 0x0000000100000000)
  eden space 34304K, 99% used [0x00000000f5580000,0x00000000f76ffff0,0x00000000f7700000)
  from space 10752K, 0% used [0x00000000f8380000,0x00000000f8380000,0x00000000f8e00000)
  to   space 12800K, 0% used [0x00000000f7700000,0x00000000f7700000,0x00000000f8380000)
 ParOldGen       total 349696K, used 349695K [0x00000000e0000000, 0x00000000f5580000, 0x00000000f5580000)
  object space 349696K, 99% used [0x00000000e0000000,0x00000000f557fff0,0x00000000f5580000)
 Metaspace       used 64516K, committed 65600K, reserved 1114112K
  class space    used 6403K, committed 6848K, reserved 1048576K
}
Event: 920.285 GC heap after
{Heap after GC invocations=688 (full 525):
 PSYoungGen      total 47104K, used 34303K [0x00000000f5580000, 0x00000000f9180000, 0x0000000100000000)
  eden space 34304K, 99% used [0x00000000f5580000,0x00000000f76ffff0,0x00000000f7700000)
  from space 12800K, 0% used [0x00000000f7700000,0x00000000f7700000,0x00000000f8380000)
  to   space 10752K, 0% used [0x00000000f8380000,0x00000000f8380000,0x00000000f8e00000)
 ParOldGen       total 349696K, used 349695K [0x00000000e0000000, 0x00000000f5580000, 0x00000000f5580000)
  object space 349696K, 99% used [0x00000000e0000000,0x00000000f557fe30,0x00000000f5580000)
 Metaspace       used 64516K, committed 65600K, reserved 1114112K
  class space    used 6403K, committed 6848K, reserved 1048576K
}
Event: 920.285 GC heap before
{Heap before GC invocations=689 (full 526):
 PSYoungGen      total 47104K, used 34304K [0x00000000f5580000, 0x00000000f9180000, 0x0000000100000000)
  eden space 34304K, 100% used [0x00000000f5580000,0x00000000f7700000,0x00000000f7700000)
  from space 12800K, 0% used [0x00000000f7700000,0x00000000f7700000,0x00000000f8380000)
  to   space 10752K, 0% used [0x00000000f8380000,0x00000000f8380000,0x00000000f8e00000)
 ParOldGen       total 349696K, used 349695K [0x00000000e0000000, 0x00000000f5580000, 0x00000000f5580000)
  object space 349696K, 99% used [0x00000000e0000000,0x00000000f557ff28,0x00000000f5580000)
 Metaspace       used 64516K, committed 65600K, reserved 1114112K
  class space    used 6403K, committed 6848K, reserved 1048576K
}
Event: 921.817 GC heap after
{Heap after GC invocations=689 (full 526):
 PSYoungGen      total 45056K, used 34303K [0x00000000f5580000, 0x00000000f9180000, 0x0000000100000000)
  eden space 34304K, 99% used [0x00000000f5580000,0x00000000f76ffff0,0x00000000f7700000)
  from space 10752K, 0% used [0x00000000f8380000,0x00000000f8380000,0x00000000f8e00000)
  to   space 12800K, 0% used [0x00000000f7700000,0x00000000f7700000,0x00000000f8380000)
 ParOldGen       total 349696K, used 349695K [0x00000000e0000000, 0x00000000f5580000, 0x00000000f5580000)
  object space 349696K, 99% used [0x00000000e0000000,0x00000000f557fe30,0x00000000f5580000)
 Metaspace       used 64516K, committed 65600K, reserved 1114112K
  class space    used 6403K, committed 6848K, reserved 1048576K
}
Event: 921.817 GC heap before
{Heap before GC invocations=690 (full 527):
 PSYoungGen      total 45056K, used 34303K [0x00000000f5580000, 0x00000000f9180000, 0x0000000100000000)
  eden space 34304K, 99% used [0x00000000f5580000,0x00000000f76ffff0,0x00000000f7700000)
  from space 10752K, 0% used [0x00000000f8380000,0x00000000f8380000,0x00000000f8e00000)
  to   space 12800K, 0% used [0x00000000f7700000,0x00000000f7700000,0x00000000f8380000)
 ParOldGen       total 349696K, used 349695K [0x00000000e0000000, 0x00000000f5580000, 0x00000000f5580000)
  object space 349696K, 99% used [0x00000000e0000000,0x00000000f557fe30,0x00000000f5580000)
 Metaspace       used 64516K, committed 65600K, reserved 1114112K
  class space    used 6403K, committed 6848K, reserved 1048576K
}
Event: 923.188 GC heap after
{Heap after GC invocations=690 (full 527):
 PSYoungGen      total 47104K, used 34303K [0x00000000f5580000, 0x00000000f9180000, 0x0000000100000000)
  eden space 34304K, 99% used [0x00000000f5580000,0x00000000f76ffff0,0x00000000f7700000)
  from space 12800K, 0% used [0x00000000f7700000,0x00000000f7700000,0x00000000f8380000)
  to   space 10752K, 0% used [0x00000000f8380000,0x00000000f8380000,0x00000000f8e00000)
 ParOldGen       total 349696K, used 349695K [0x00000000e0000000, 0x00000000f5580000, 0x00000000f5580000)
  object space 349696K, 99% used [0x00000000e0000000,0x00000000f557fc70,0x00000000f5580000)
 Metaspace       used 64516K, committed 65600K, reserved 1114112K
  class space    used 6403K, committed 6848K, reserved 1048576K
}

